[    0.000000] Linux version 4.15.0-137-generic (buildd@lcy01-amd64-011) (gcc version 7.5.0 (Ubuntu 7.5.0-3ubuntu1~18.04)) #141-Ubuntu SMP Fri Feb 19 13:46:27 UTC 2021 (Ubuntu 4.15.0-137.141-generic 4.15.18)
[    0.000000] Command line: BOOT_IMAGE=/boot/vmlinuz-4.15.0-137-generic root=LABEL=cloudimg-rootfs ro console=tty1 console=ttyS0
[    0.000000] KERNEL supported cpus:
[    0.000000]   Intel GenuineIntel
[    0.000000]   AMD AuthenticAMD
[    0.000000]   Centaur CentaurHauls
[    0.000000] x86/fpu: Supporting XSAVE feature 0x001: 'x87 floating point registers'
[    0.000000] x86/fpu: Supporting XSAVE feature 0x002: 'SSE registers'
[    0.000000] x86/fpu: Supporting XSAVE feature 0x004: 'AVX registers'
[    0.000000] x86/fpu: xstate_offset[2]:  576, xstate_sizes[2]:  256
[    0.000000] x86/fpu: Enabled xstate features 0x7, context size is 832 bytes, using 'standard' format.
[    0.000000] e820: BIOS-provided physical RAM map:
[    0.000000] BIOS-e820: [mem 0x0000000000000000-0x000000000009fbff] usable
[    0.000000] BIOS-e820: [mem 0x000000000009fc00-0x000000000009ffff] reserved
[    0.000000] BIOS-e820: [mem 0x00000000000f0000-0x00000000000fffff] reserved
[    0.000000] BIOS-e820: [mem 0x0000000000100000-0x000000003ffeffff] usable
[    0.000000] BIOS-e820: [mem 0x000000003fff0000-0x000000003fffffff] ACPI data
[    0.000000] BIOS-e820: [mem 0x00000000fec00000-0x00000000fec00fff] reserved
[    0.000000] BIOS-e820: [mem 0x00000000fee00000-0x00000000fee00fff] reserved
[    0.000000] BIOS-e820: [mem 0x00000000fffc0000-0x00000000ffffffff] reserved
[    0.000000] NX (Execute Disable) protection: active
[    0.000000] SMBIOS 2.5 present.
[    0.000000] DMI: innotek GmbH VirtualBox/VirtualBox, BIOS VirtualBox 12/01/2006
[    0.000000] Hypervisor detected: KVM
[    0.000000] e820: last_pfn = 0x3fff0 max_arch_pfn = 0x400000000
[    0.000000] MTRR: Disabled
[    0.000000] x86/PAT: MTRRs disabled, skipping PAT initialization too.
[    0.000000] CPU MTRRs all blank - virtualized system.
[    0.000000] x86/PAT: Configuration [0-7]: WB  WT  UC- UC  WB  WT  UC- UC  
[    0.000000] found SMP MP-table at [mem 0x0009fff0-0x0009ffff]
[    0.000000] Scanning 1 areas for low memory corruption
[    0.000000] RAMDISK: [mem 0x35a63000-0x36d28fff]
[    0.000000] ACPI: Early table checksum verification disabled
[    0.000000] ACPI: RSDP 0x00000000000E0000 000024 (v02 VBOX  )
[    0.000000] ACPI: XSDT 0x000000003FFF0030 00003C (v01 VBOX   VBOXXSDT 00000001 ASL  00000061)
[    0.000000] ACPI: FACP 0x000000003FFF00F0 0000F4 (v04 VBOX   VBOXFACP 00000001 ASL  00000061)
[    0.000000] ACPI: DSDT 0x000000003FFF0470 002325 (v02 VBOX   VBOXBIOS 00000002 INTL 20100528)
[    0.000000] ACPI: FACS 0x000000003FFF0200 000040
[    0.000000] ACPI: FACS 0x000000003FFF0200 000040
[    0.000000] ACPI: APIC 0x000000003FFF0240 000054 (v02 VBOX   VBOXAPIC 00000001 ASL  00000061)
[    0.000000] ACPI: SSDT 0x000000003FFF02A0 0001CC (v01 VBOX   VBOXCPUT 00000002 INTL 20100528)
[    0.000000] No NUMA configuration found
[    0.000000] Faking a node at [mem 0x0000000000000000-0x000000003ffeffff]
[    0.000000] NODE_DATA(0) allocated [mem 0x3ffc5000-0x3ffeffff]
[    0.000000] kvm-clock: cpu 0, msr 0:3ff44001, primary cpu clock
[    0.000000] kvm-clock: Using msrs 4b564d01 and 4b564d00
[    0.000000] kvm-clock: using sched offset of 4641806021 cycles
[    0.000000] clocksource: kvm-clock: mask: 0xffffffffffffffff max_cycles: 0x1cd42e4dffb, max_idle_ns: 881590591483 ns
[    0.000000] Zone ranges:
[    0.000000]   DMA      [mem 0x0000000000001000-0x0000000000ffffff]
[    0.000000]   DMA32    [mem 0x0000000001000000-0x000000003ffeffff]
[    0.000000]   Normal   empty
[    0.000000]   Device   empty
[    0.000000] Movable zone start for each node
[    0.000000] Early memory node ranges
[    0.000000]   node   0: [mem 0x0000000000001000-0x000000000009efff]
[    0.000000]   node   0: [mem 0x0000000000100000-0x000000003ffeffff]
[    0.000000] Reserved but unavailable: 98 pages
[    0.000000] Initmem setup node 0 [mem 0x0000000000001000-0x000000003ffeffff]
[    0.000000] ACPI: PM-Timer IO Port: 0x4008
[    0.000000] IOAPIC[0]: apic_id 1, version 32, address 0xfec00000, GSI 0-23
[    0.000000] ACPI: INT_SRC_OVR (bus 0 bus_irq 0 global_irq 2 dfl dfl)
[    0.000000] ACPI: INT_SRC_OVR (bus 0 bus_irq 9 global_irq 9 low level)
[    0.000000] Using ACPI (MADT) for SMP configuration information
[    0.000000] smpboot: Allowing 1 CPUs, 0 hotplug CPUs
[    0.000000] PM: Registered nosave memory: [mem 0x00000000-0x00000fff]
[    0.000000] PM: Registered nosave memory: [mem 0x0009f000-0x0009ffff]
[    0.000000] PM: Registered nosave memory: [mem 0x000a0000-0x000effff]
[    0.000000] PM: Registered nosave memory: [mem 0x000f0000-0x000fffff]
[    0.000000] e820: [mem 0x40000000-0xfebfffff] available for PCI devices
[    0.000000] Booting paravirtualized kernel on KVM
[    0.000000] clocksource: refined-jiffies: mask: 0xffffffff max_cycles: 0xffffffff, max_idle_ns: 7645519600211568 ns
[    0.000000] random: get_random_bytes called from start_kernel+0x99/0x500 with crng_init=0
[    0.000000] setup_percpu: NR_CPUS:8192 nr_cpumask_bits:1 nr_cpu_ids:1 nr_node_ids:1
[    0.000000] percpu: Embedded 45 pages/cpu s147456 r8192 d28672 u2097152
[    0.000000] PV qspinlock hash table entries: 256 (order: 0, 4096 bytes)
[    0.000000] Built 1 zonelists, mobility grouping on.  Total pages: 257913
[    0.000000] Policy zone: DMA32
[    0.000000] Kernel command line: BOOT_IMAGE=/boot/vmlinuz-4.15.0-137-generic root=LABEL=cloudimg-rootfs ro console=tty1 console=ttyS0
[    0.000000] Memory: 983200K/1048120K available (12300K kernel code, 2483K rwdata, 4276K rodata, 2440K init, 2724K bss, 64920K reserved, 0K cma-reserved)
[    0.000000] SLUB: HWalign=64, Order=0-3, MinObjects=0, CPUs=1, Nodes=1
[    0.000000] Kernel/User page tables isolation: enabled
[    0.000000] ftrace: allocating 39427 entries in 155 pages
[    0.004000] Hierarchical RCU implementation.
[    0.004000] 	RCU restricting CPUs from NR_CPUS=8192 to nr_cpu_ids=1.
[    0.004000] 	Tasks RCU enabled.
[    0.004000] RCU: Adjusting geometry for rcu_fanout_leaf=16, nr_cpu_ids=1
[    0.004000] NR_IRQS: 524544, nr_irqs: 256, preallocated irqs: 16
[    0.004000] Console: colour VGA+ 80x25
[    0.004000] console [tty1] enabled
[    0.004000] console [ttyS0] enabled
[    0.004000] ACPI: Core revision 20170831
[    0.004000] ACPI: 2 ACPI AML tables successfully acquired and loaded
[    0.004000] APIC: Switch to symmetric I/O mode setup
[    0.004000] x2apic enabled
[    0.004000] Switched APIC routing to physical x2apic.
[    0.005277] ..TIMER: vector=0x30 apic1=0 pin1=2 apic2=-1 pin2=-1
[    0.008002] tsc: Detected 2591.996 MHz processor
[    0.009015] Calibrating delay loop (skipped) preset value.. 5183.99 BogoMIPS (lpj=10367984)
[    0.012002] pid_max: default: 32768 minimum: 301
[    0.013036] Security Framework initialized
[    0.014084] Yama: becoming mindful.
[    0.016033] AppArmor: AppArmor initialized
[    0.020000] Dentry cache hash table entries: 131072 (order: 8, 1048576 bytes)
[    0.020074] Inode-cache hash table entries: 65536 (order: 7, 524288 bytes)
[    0.021512] Mount-cache hash table entries: 2048 (order: 2, 16384 bytes)
[    0.024021] Mountpoint-cache hash table entries: 2048 (order: 2, 16384 bytes)
[    0.026178] process: using mwait in idle threads
[    0.027224] Last level iTLB entries: 4KB 64, 2MB 8, 4MB 8
[    0.028004] Last level dTLB entries: 4KB 64, 2MB 0, 4MB 0, 1GB 4
[    0.029271] Spectre V1 : Mitigation: usercopy/swapgs barriers and __user pointer sanitization
[    0.031133] Spectre V2 : Mitigation: Full generic retpoline
[    0.032002] Spectre V2 : Spectre v2 / SpectreRSB mitigation: Filling RSB on context switch
[    0.033775] Speculative Store Bypass: Vulnerable
[    0.036037] SRBDS: Unknown: Dependent on hypervisor status
[    0.037231] MDS: Mitigation: Clear CPU buffers
[    0.051317] Freeing SMP alternatives memory: 36K
[    0.162690] smpboot: CPU0: Intel(R) Core(TM) i7-6500U CPU @ 2.50GHz (family: 0x6, model: 0x4e, stepping: 0x3)
[    0.164000] Performance Events: unsupported p6 CPU model 78 no PMU driver, software events only.
[    0.164032] Hierarchical SRCU implementation.
[    0.165825] NMI watchdog: Perf event create on CPU 0 failed with -2
[    0.167116] NMI watchdog: Perf NMI watchdog permanently disabled
[    0.168033] smp: Bringing up secondary CPUs ...
[    0.169057] smp: Brought up 1 node, 1 CPU
[    0.172007] smpboot: Max logical packages: 1
[    0.173246] smpboot: Total of 1 processors activated (5183.99 BogoMIPS)
[    0.176084] devtmpfs: initialized
[    0.177258] x86/mm: Memory block size: 128MB
[    0.178710] evm: security.selinux
[    0.179929] evm: security.SMACK64
[    0.180010] evm: security.SMACK64EXEC
[    0.180977] evm: security.SMACK64TRANSMUTE
[    0.181890] evm: security.SMACK64MMAP
[    0.182738] evm: security.apparmor
[    0.184004] evm: security.ima
[    0.184703] evm: security.capability
[    0.185775] clocksource: jiffies: mask: 0xffffffff max_cycles: 0xffffffff, max_idle_ns: 7645041785100000 ns
[    0.188030] futex hash table entries: 256 (order: 2, 16384 bytes)
[    0.189665] pinctrl core: initialized pinctrl subsystem
[    0.192130] RTC time: 16:05:36, date: 03/19/21
[    0.193446] NET: Registered protocol family 16
[    0.194516] audit: initializing netlink subsys (disabled)
[    0.196157] cpuidle: using governor ladder
[    0.197053] cpuidle: using governor menu
[    0.197961] ACPI: bus type PCI registered
[    0.198849] acpiphp: ACPI Hot Plug PCI Controller Driver version: 0.5
[    0.200006] audit: type=2000 audit(1616169941.994:1): state=initialized audit_enabled=0 res=1
[    0.202022] PCI: Using configuration type 1 for base access
[    0.205481] HugeTLB registered 2.00 MiB page size, pre-allocated 0 pages
[    0.212269] ACPI: Added _OSI(Module Device)
[    0.216011] ACPI: Added _OSI(Processor Device)
[    0.217023] ACPI: Added _OSI(3.0 _SCP Extensions)
[    0.218103] ACPI: Added _OSI(Processor Aggregator Device)
[    0.219413] ACPI: Added _OSI(Linux-Dell-Video)
[    0.220003] ACPI: Added _OSI(Linux-Lenovo-NV-HDMI-Audio)
[    0.221227] ACPI: Added _OSI(Linux-HPI-Hybrid-Graphics)
[    0.224022] ACPI: Executed 1 blocks of module-level executable AML code
[    0.230772] ACPI: Interpreter enabled
[    0.231742] ACPI: (supports S0 S5)
[    0.232008] ACPI: Using IOAPIC for interrupt routing
[    0.233764] PCI: Using host bridge windows from ACPI; if necessary, use "pci=nocrs" and report a bug
[    0.236232] ACPI: Enabled 2 GPEs in block 00 to 07
[    0.246658] ACPI: PCI Root Bridge [PCI0] (domain 0000 [bus 00-ff])
[    0.248018] acpi PNP0A03:00: _OSC: OS supports [ASPM ClockPM Segments MSI]
[    0.250721] acpi PNP0A03:00: _OSC: not requesting OS control; OS requires [ExtendedConfig ASPM ClockPM MSI]
[    0.252020] acpi PNP0A03:00: fail to add MMCONFIG information, can't access extended PCI configuration space under this bridge.
[    0.256542] PCI host bridge to bus 0000:00
[    0.257470] pci_bus 0000:00: root bus resource [io  0x0000-0x0cf7 window]
[    0.258880] pci_bus 0000:00: root bus resource [io  0x0d00-0xffff window]
[    0.260003] pci_bus 0000:00: root bus resource [mem 0x000a0000-0x000bffff window]
[    0.261585] pci_bus 0000:00: root bus resource [mem 0x40000000-0xfdffffff window]
[    0.264008] pci_bus 0000:00: root bus resource [bus 00-ff]
[    0.269431] pci 0000:00:01.1: legacy IDE quirk: reg 0x10: [io  0x01f0-0x01f7]
[    0.270948] pci 0000:00:01.1: legacy IDE quirk: reg 0x14: [io  0x03f6]
[    0.272003] pci 0000:00:01.1: legacy IDE quirk: reg 0x18: [io  0x0170-0x0177]
[    0.274460] pci 0000:00:01.1: legacy IDE quirk: reg 0x1c: [io  0x0376]
[    0.292471] pci 0000:00:07.0: quirk: [io  0x4000-0x403f] claimed by PIIX4 ACPI
[    0.294564] pci 0000:00:07.0: quirk: [io  0x4100-0x410f] claimed by PIIX4 SMB
[    0.303701] ACPI: PCI Interrupt Link [LNKA] (IRQs 5 9 10 *11)
[    0.304425] ACPI: PCI Interrupt Link [LNKB] (IRQs 5 9 *10 11)
[    0.305953] ACPI: PCI Interrupt Link [LNKC] (IRQs 5 *9 10 11)
[    0.308157] ACPI: PCI Interrupt Link [LNKD] (IRQs 5 9 10 *11)
[    0.309870] SCSI subsystem initialized
[    0.310804] pci 0000:00:02.0: vgaarb: setting as boot VGA device
[    0.312000] pci 0000:00:02.0: vgaarb: VGA device added: decodes=io+mem,owns=io+mem,locks=none
[    0.312009] pci 0000:00:02.0: vgaarb: bridge control possible
[    0.313263] vgaarb: loaded
[    0.313934] ACPI: bus type USB registered
[    0.314843] usbcore: registered new interface driver usbfs
[    0.316016] usbcore: registered new interface driver hub
[    0.317172] usbcore: registered new device driver usb
[    0.318341] EDAC MC: Ver: 3.0.0
[    0.320304] PCI: Using ACPI for IRQ routing
[    0.321553] NetLabel: Initializing
[    0.322350] NetLabel:  domain hash size = 128
[    0.323309] NetLabel:  protocols = UNLABELED CIPSOv4 CALIPSO
[    0.324024] NetLabel:  unlabeled traffic allowed by default
[    0.326551] clocksource: Switched to clocksource kvm-clock
[    0.377075] VFS: Disk quotas dquot_6.6.0
[    0.378076] VFS: Dquot-cache hash table entries: 512 (order 0, 4096 bytes)
[    0.379650] AppArmor: AppArmor Filesystem Enabled
[    0.380883] pnp: PnP ACPI init
[    0.382924] pnp: PnP ACPI: found 3 devices
[    0.389493] clocksource: acpi_pm: mask: 0xffffff max_cycles: 0xffffff, max_idle_ns: 2085701024 ns
[    0.392382] NET: Registered protocol family 2
[    0.393482] TCP established hash table entries: 8192 (order: 4, 65536 bytes)
[    0.394940] TCP bind hash table entries: 8192 (order: 5, 131072 bytes)
[    0.396610] TCP: Hash tables configured (established 8192 bind 8192)
[    0.398147] UDP hash table entries: 512 (order: 2, 16384 bytes)
[    0.399364] UDP-Lite hash table entries: 512 (order: 2, 16384 bytes)
[    0.400730] NET: Registered protocol family 1
[    0.401690] pci 0000:00:00.0: Limiting direct PCI/PCI transfers
[    0.402960] pci 0000:00:01.0: Activating ISA DMA hang workarounds
[    0.404313] pci 0000:00:02.0: Video device with shadowed ROM at [mem 0x000c0000-0x000dffff]
[    0.408422] Unpacking initramfs...
[    1.133138] Freeing initrd memory: 19224K
[    1.134244] clocksource: tsc: mask: 0xffffffffffffffff max_cycles: 0x255cb30caa3, max_idle_ns: 440795217292 ns
[    1.137156] platform rtc_cmos: registered platform RTC device (no PNP device found)
[    1.140398] Scanning for low memory corruption every 60 seconds
[    1.143008] Initialise system trusted keyrings
[    1.144065] Key type blacklist registered
[    1.145091] workingset: timestamp_bits=36 max_order=18 bucket_order=0
[    1.165636] zbud: loaded
[    1.174729] squashfs: version 4.0 (2009/01/31) Phillip Lougher
[    1.178597] fuse init (API version 7.26)
[    1.180673] Key type asymmetric registered
[    1.181821] Asymmetric key parser 'x509' registered
[    1.186884] Block layer SCSI generic (bsg) driver version 0.4 loaded (major 246)
[    1.188662] io scheduler noop registered
[    1.191441] io scheduler deadline registered
[    1.192630] io scheduler cfq registered (default)
[    1.194072] ACPI: AC Adapter [AC] (on-line)
[    1.195453] input: Power Button as /devices/LNXSYSTM:00/LNXPWRBN:00/input/input0
[    1.201131] ACPI: Power Button [PWRF]
[    1.202294] input: Sleep Button as /devices/LNXSYSTM:00/LNXSLPBN:00/input/input1
[    1.204307] ACPI: Sleep Button [SLPF]
[    1.211304] ACPI: Battery Slot [BAT0] (battery present)
[    1.216442] Serial: 8250/16550 driver, 32 ports, IRQ sharing enabled
[    1.244896] 00:02: ttyS0 at I/O 0x3f8 (irq = 4, base_baud = 115200) is a 16550A
[    1.249597] Linux agpgart interface v0.103
[    1.251595] loop: module loaded
[    1.253537] scsi host0: ata_piix
[    1.255010] scsi host1: ata_piix
[    1.258022] ata1: PATA max UDMA/33 cmd 0x1f0 ctl 0x3f6 bmdma 0xd000 irq 14
[    1.260923] ata2: PATA max UDMA/33 cmd 0x170 ctl 0x376 bmdma 0xd008 irq 15
[    1.265030] libphy: Fixed MDIO Bus: probed
[    1.266318] tun: Universal TUN/TAP device driver, 1.6
[    1.267922] PPP generic driver version 2.4.2
[    1.269732] ehci_hcd: USB 2.0 'Enhanced' Host Controller (EHCI) Driver
[    1.271771] ehci-pci: EHCI PCI platform driver
[    1.275385] ehci-platform: EHCI generic platform driver
[    1.277035] ohci_hcd: USB 1.1 'Open' Host Controller (OHCI) Driver
[    1.278310] ohci-pci: OHCI PCI platform driver
[    1.279543] ohci-platform: OHCI generic platform driver
[    1.281073] uhci_hcd: USB Universal Host Controller Interface driver
[    1.282603] i8042: PNP: PS/2 Controller [PNP0303:PS2K,PNP0f03:PS2M] at 0x60,0x64 irq 1,12
[    1.284845] serio: i8042 KBD port at 0x60,0x64 irq 1
[    1.286003] serio: i8042 AUX port at 0x60,0x64 irq 12
[    1.287070] mousedev: PS/2 mouse device common for all mice
[    1.288797] input: AT Translated Set 2 keyboard as /devices/platform/i8042/serio0/input/input2
[    1.292672] rtc_cmos rtc_cmos: rtc core: registered rtc_cmos as rtc0
[    1.294410] rtc_cmos rtc_cmos: alarms up to one day, 114 bytes nvram
[    1.295984] i2c /dev entries driver
[    1.297327] device-mapper: uevent: version 1.0.3
[    1.298412] device-mapper: ioctl: 4.37.0-ioctl (2017-09-20) initialised: dm-devel@redhat.com
[    1.300283] ledtrig-cpu: registered to indicate activity on CPUs
[    1.301673] intel_pmc_core:  initialized
[    1.302776] NET: Registered protocol family 10
[    1.308631] Segment Routing with IPv6
[    1.309638] NET: Registered protocol family 17
[    1.310689] Key type dns_resolver registered
[    1.311990] mce: Using 0 MCE banks
[    1.312856] RAS: Correctable Errors collector initialized.
[    1.314019] sched_clock: Marking stable (1312792160, 0)->(1649163423, -336371263)
[    1.315713] registered taskstats version 1
[    1.316933] Loading compiled-in X.509 certificates
[    1.320181] Loaded X.509 cert 'Build time autogenerated kernel key: 891cd9bdbdbe808e88c20f1dc4820174eb8d1858'
[    1.323327] zswap: loaded using pool lzo/zbud
[    1.328179] Key type big_key registered
[    1.329052] Key type trusted registered
[    1.331320] Key type encrypted registered
[    1.332230] AppArmor: AppArmor sha1 policy hashing enabled
[    1.333511] ima: No TPM chip found, activating TPM-bypass! (rc=-19)
[    1.334817] ima: Allocated hash algorithm: sha1
[    1.335894] evm: HMAC attrs: 0x1
[    1.337139]   Magic number: 13:618:85
[    1.338023] rtc_cmos rtc_cmos: setting system clock to 2021-03-19 16:05:37 UTC (1616169937)
[    1.341415] BIOS EDD facility v0.16 2004-Jun-25, 0 devices found
[    1.343115] EDD information not available.
[    1.472032] Freeing unused kernel image memory: 2440K
[    1.484623] Write protecting the kernel read-only data: 20480k
[    1.488397] Freeing unused kernel image memory: 2008K
[    1.492746] Freeing unused kernel image memory: 1868K
[    1.511043] x86/mm: Checked W+X mappings: passed, no W+X pages found.
[    1.512742] x86/mm: Checking user space page tables
[    1.527756] x86/mm: Checked W+X mappings: passed, no W+X pages found.
Loading, please wait...
starting version 237
[    1.684048] e1000: Intel(R) PRO/1000 Network Driver - version 7.3.21-k8-NAPI
[    1.685726] e1000: Copyright (c) 1999-2006 Intel Corporation.
[    1.690823] Fusion MPT base driver 3.04.20
[    1.692582] Copyright (c) 1999-2008 LSI Corporation
[    1.703555] Fusion MPT SPI Host driver 3.04.20
[    1.722419] AVX2 version of gcm_enc/dec engaged.
[    1.724352] AES CTR mode by8 optimization enabled
[    1.910781] input: ImExPS/2 Generic Explorer Mouse as /devices/platform/i8042/serio1/input/input4
[    2.211471] e1000 0000:00:03.0 eth0: (PCI:33MHz:32-bit) 02:bb:7e:38:85:b0
[    2.213091] e1000 0000:00:03.0 eth0: Intel(R) PRO/1000 Network Connection
[    2.218261] e1000 0000:00:03.0 enp0s3: renamed from eth0
[    2.221646] mptbase: ioc0: Initiating bringup
[    2.324489] ioc0: LSI53C1030 A0: Capabilities={Initiator}
[    2.566750] scsi host2: ioc0: LSI53C1030 A0, FwRev=00000000h, Ports=1, MaxQ=256, IRQ=20
[    2.736981] scsi 2:0:0:0: Direct-Access     VBOX     HARDDISK         1.0  PQ: 0 ANSI: 5
[    2.746961] scsi target2:0:0: Beginning Domain Validation
[    2.755738] random: fast init done
[    2.762558] scsi target2:0:0: Domain Validation skipping write tests
[    2.766536] scsi target2:0:0: Ending Domain Validation
[    2.769575] scsi target2:0:0: asynchronous
[    2.773427] scsi 2:0:1:0: Direct-Access     VBOX     HARDDISK         1.0  PQ: 0 ANSI: 5
[    2.778303] scsi target2:0:1: Beginning Domain Validation
[    2.785211] scsi target2:0:1: Domain Validation skipping write tests
[    2.788255] scsi target2:0:1: Ending Domain Validation
[    2.791715] scsi target2:0:1: asynchronous
[    2.801277] random: systemd-udevd: uninitialized urandom read (16 bytes read)
[    2.803102] random: systemd-udevd: uninitialized urandom read (16 bytes read)
[    2.805355] sd 2:0:0:0: Attached scsi generic sg0 type 0
[    2.809803] random: systemd-udevd: uninitialized urandom read (16 bytes read)
[    2.812073] sd 2:0:0:0: [sda] 83886080 512-byte logical blocks: (42.9 GB/40.0 GiB)
[    2.814211] sd 2:0:0:0: [sda] Write Protect is off
[    2.815913] sd 2:0:0:0: [sda] Incomplete mode parameter data
[    2.817559] sd 2:0:0:0: [sda] Assuming drive cache: write through
[    2.820163] sd 2:0:1:0: Attached scsi generic sg1 type 0
[    2.821625] sd 2:0:1:0: [sdb] 20480 512-byte logical blocks: (10.5 MB/10.0 MiB)
[    2.825497] sd 2:0:1:0: [sdb] Write Protect is off
[    2.827600] sd 2:0:1:0: [sdb] Incomplete mode parameter data
[    2.830884] sd 2:0:1:0: [sdb] Assuming drive cache: write through
[    2.839960]  sda: sda1
[    2.842354] sd 2:0:0:0: [sda] Attached SCSI disk
[    2.845157] sd 2:0:1:0: [sdb] Attached SCSI disk
Begin: Loading essential drivers ... [    4.512378] raid6: sse2x1   gen()  6616 MB/s
[    4.560250] raid6: sse2x1   xor()  5709 MB/s
[    4.608108] raid6: sse2x2   gen() 11723 MB/s
[    4.656702] raid6: sse2x2   xor()  7682 MB/s
[    4.704698] raid6: sse2x4   gen() 12784 MB/s
[    4.752053] raid6: sse2x4   xor()  8079 MB/s
[    4.800372] raid6: avx2x1   gen() 17103 MB/s
[    4.848191] raid6: avx2x1   xor() 12438 MB/s
[    4.896509] raid6: avx2x2   gen() 20556 MB/s
[    4.944823] raid6: avx2x2   xor() 13744 MB/s
[    4.992346] raid6: avx2x4   gen() 25183 MB/s
[    5.040186] raid6: avx2x4   xor() 14901 MB/s
[    5.041444] raid6: using algorithm avx2x4 gen() 25183 MB/s
[    5.043163] raid6: .... xor() 14901 MB/s, rmw enabled
[    5.044573] raid6: using avx2x2 recovery algorithm
[    5.047459] xor: automatically using best checksumming function   avx       
[    5.050581] async_tx: api initialized (async)
done.
Begin: Running /scripts/init-premount ... done.
Begin: Mounting root file system ... Begin: Running /scripts/local-top ... done.
Begin: Running /scripts/local-premount ... [    5.118437] Btrfs loaded, crc32c=crc32c-intel
Scanning for Btrfs filesystems
done.
Warning: fsck not present, so skipping root file system
[    5.170255] EXT4-fs (sda1): mounted filesystem with ordered data mode. Opts: (null)
done.
Begin: Running /scripts/local-bottom ... done.
Begin: Running /scripts/init-bottom ... done.
[    5.446179] ip_tables: (C) 2000-2006 Netfilter Core Team
[    5.462750] systemd[1]: systemd 237 running in system mode. (+PAM +AUDIT +SELINUX +IMA +APPARMOR +SMACK +SYSVINIT +UTMP +LIBCRYPTSETUP +GCRYPT +GNUTLS +ACL +XZ +LZ4 +SECCOMP +BLKID +ELFUTILS +KMOD -IDN2 +IDN -PCRE2 default-hierarchy=hybrid)
[    5.468004] systemd[1]: Detected virtualization oracle.
[    5.469212] systemd[1]: Detected architecture x86-64.

Welcome to [1mUbuntu 18.04.5 LTS[0m!

[    5.475280] systemd[1]: Set hostname to <ubuntu>.
[    5.483497] systemd[1]: Initializing machine ID from random generator.
[    5.485062] systemd[1]: Installed transient /etc/machine-id file.
[    5.934090] systemd[1]: Reached target User and Group Name Lookups.
[[0;32m  OK  [0m] Reached target User and Group Name Lookups.
[    5.948204] systemd[1]: Reached target Swap.
[[0;32m  OK  [0m] Reached target Swap.
[    5.950288] systemd[1]: Started Forward Password Requests to Wall Directory Watch.
[[0;32m  OK  [0m] Started Forward Password Requests to Wall Directory Watch.
[    5.965454] systemd[1]: Created slice User and Session Slice.
[[0;32m  OK  [0m] Created slice User and Session Slice.
[[0;32m  OK  [0m] Reached target System Time Synchronized.
[[0;32m  OK  [0m] Set up automount Arbitrary Executab…rmats File System Automount Point.
[[0;32m  OK  [0m] Created slice System Slice.
[[0;32m  OK  [0m] Listening on udev Control Socket.
[[0;32m  OK  [0m] Listening on Journal Socket.
         Mounting POSIX Message Queue File System...
         Starting Uncomplicated firewall...
[[0;32m  OK  [0m] Listening on Journal Socket (/dev/log).
[[0;32m  OK  [0m] Listening on LVM2 poll daemon socket.
[[0;32m  OK  [0m] Created slice system-serial\x2dgetty.slice.
[[0;32m  OK  [0m] Listening on fsck to fsckd communication Socket.
         Starting Load Kernel Modules...
[[0;32m  OK  [0m] Listening on /dev/initctl Compatibility Named Pipe.
         Mounting Kernel Debug File System...
[[0;32m  OK  [0m] Listening on LVM2 metadata daemon socket.
[[0;32m  OK  [0m] Listening on Journal Audit Socket.
[[0;32m  OK  [0m] Listening on Syslog Socket.
[    6.045620] Loading iSCSI transport class v2.0-870.
         Starting Set the console keyboard layout...
         Starting File System Check on Root Device...
[    6.057567] iscsi: registered transport (tcp)
[    6.081229] iscsi: registered transport (iser)
[[0;32m  OK  [0m] Listening on Device-mapper event daemon FIFOs.
         Starting Monitoring of LVM2 mirrors…ng dmeventd or progress polling...
         Starting Journal Service...
[[0;32m  OK  [0m] Listening on Network Service Netlink Socket.
         Mounting Huge Pages File System...
[[0;32m  OK  [0m] Listening on udev Kernel Socket.
         Starting Create list of required st…ce nodes for the current kernel...
[[0;32m  OK  [0m] Reached target Slices.
         Starting udev Coldplug all Devices...
[[0;32m  OK  [0m] Mounted POSIX Message Queue File System.
[[0;32m  OK  [0m] Started Uncomplicated firewall.
[[0;32m  OK  [0m] Started Load Kernel Modules.
[[0;32m  OK  [0m] Mounted Kernel Debug File System.
[[0;32m  OK  [0m] Mounted Huge Pages File System.
[[0;32m  OK  [0m] Started File System Check Daemon to report status.
         Mounting FUSE Control File System...
         Starting Apply Kernel Variables...
         Mounting Kernel Configuration File System...
[[0;32m  OK  [0m] Mounted FUSE Control File System.
[[0;32m  OK  [0m] Started Create list of required sta…vice nodes for the current kernel.
[[0;32m  OK  [0m] Mounted Kernel Configuration File System.
         Starting Create Static Device Nodes in /dev...
[[0;32m  OK  [0m] Started File System Check on Root Device.
         Starting Remount Root and Kernel File Systems...
[[0;32m  OK  [0m] Started Journal Service.
[[0;32m  OK  [0m] Started Create Static Device Nodes in /dev.
[[0;32m  OK  [0m] Started LVM2 metadata daemon.
[[0;32m  OK  [0m] Started Apply Kernel Variables.
[[0;32m  OK  [0m] Started Remount Root and Kernel File Systems.
         Starting Load/Save Random Seed...
         Starting Flush Journal to Persistent Storage...
         Starting udev Kernel Device Manager...
[[0;32m  OK  [0m] Started Load/Save Random Seed.
[[0;32m  OK  [0m] Started udev Kernel Device Manager.
[[0;32m  OK  [0m] Started Monitoring of LVM2 mirrors,…sing dmeventd or progress polling.
[[0;32m  OK  [0m] Started udev Coldplug all Devices.
[[0;32m  OK  [0m] Started Flush Journal to Persistent Storage.
[[0;32m  OK  [0m] Started Set the console keyboard layout.
[[0;32m  OK  [0m] Started Dispatch Password Requests to Console Directory Watch.
[[0;32m  OK  [0m] Reached target Local Encrypted Volumes.
[[0;32m  OK  [0m] Reached target Local File Systems (Pre).
[[0;32m  OK  [0m] Reached target Local File Systems.
         Starting ebtables ruleset management...
         Starting Commit a transient machine-id on disk...
         Starting AppArmor initialization...
         Starting Tell Plymouth To Write Out Runtime Data...
         Starting Create Volatile Files and Directories...
         Starting Set console font and keymap...
[[0;32m  OK  [0m] Started Set console font and keymap.
[[0;32m  OK  [0m] Started Tell Plymouth To Write Out Runtime Data.
[[0;32m  OK  [0m] Started Commit a transient machine-id on disk.
[[0;32m  OK  [0m] Started Create Volatile Files and Directories.
         Starting Update UTMP about System Boot/Shutdown...
[[0;32m  OK  [0m] Started Update UTMP about System Boot/Shutdown.
[[0;32m  OK  [0m] Started ebtables ruleset management.
[[0;32m  OK  [0m] Found device /dev/ttyS0.
[[0;32m  OK  [0m] Listening on Load/Save RF Kill Switch Status /dev/rfkill Watch.
[[0;32m  OK  [0m] Started AppArmor initialization.
         Starting Load AppArmor profiles managed internally by snapd...
         Starting Initial cloud-init job (pre-networking)...
[[0;32m  OK  [0m] Started Load AppArmor profiles managed internally by snapd.
[   13.546570] cloud-init[576]: Cloud-init v. 20.4.1-0ubuntu1~18.04.1 running 'init-local' at Fri, 19 Mar 2021 16:05:49 +0000. Up 12.88 seconds.
[[0;32m  OK  [0m] Started Initial cloud-init job (pre-networking).
[[0;32m  OK  [0m] Reached target Network (Pre).
         Starting Network Service...
[[0;32m  OK  [0m] Started Network Service.
         Starting Network Name Resolution...
         Starting Wait for Network to be Configured...
[[0;32m  OK  [0m] Started Network Name Resolution.
[[0;32m  OK  [0m] Reached target Network.
[[0;32m  OK  [0m] Reached target Host and Network Name Lookups.
[[0;32m  OK  [0m] Started Wait for Network to be Configured.
         Starting Initial cloud-init job (metadata service crawler)...
[   16.819798] cloud-init[673]: Cloud-init v. 20.4.1-0ubuntu1~18.04.1 running 'init' at Fri, 19 Mar 2021 16:05:52 +0000. Up 16.52 seconds.
[   16.832698] cloud-init[673]: ci-info: ++++++++++++++++++++++++++++++++++++++Net device info++++++++++++++++++++++++++++++++++++++
[   16.834044] cloud-init[673]: ci-info: +--------+------+----------------------------+---------------+--------+-------------------+
[   16.835424] cloud-init[673]: ci-info: | Device |  Up  |          Address           |      Mask     | Scope  |     Hw-Address    |
[   16.837127] cloud-init[673]: ci-info: +--------+------+----------------------------+---------------+--------+-------------------+
[   16.841355] cloud-init[673]: ci-info: | enp0s3 | True |         10.0.2.15          | 255.255.255.0 | global | 02:bb:7e:38:85:b0 |
[   16.845239] cloud-init[673]: ci-info: | enp0s3 | True | fe80::bb:7eff:fe38:85b0/64 |       .       |  link  | 02:bb:7e:38:85:b0 |
[   16.847124] cloud-init[673]: ci-info: |   lo   | True |         127.0.0.1          |   255.0.0.0   |  host  |         .         |
[   16.850706] cloud-init[673]: ci-info: |   lo   | True |          ::1/128           |       .       |  host  |         .         |
[   16.855011] cloud-init[673]: ci-info: +--------+------+----------------------------+---------------+--------+-------------------+
[   16.857895] cloud-init[673]: ci-info: ++++++++++++++++++++++++++++Route IPv4 info+++++++++++++++++++++++++++++
[   16.860002] cloud-init[673]: ci-info: +-------+-------------+----------+-----------------+-----------+-------+
[   16.862631] cloud-init[673]: ci-info: | Route | Destination | Gateway  |     Genmask     | Interface | Flags |
[   16.864125] cloud-init[673]: ci-info: +-------+-------------+----------+-----------------+-----------+-------+
[   16.865386] cloud-init[673]: ci-info: |   0   |   0.0.0.0   | 10.0.2.2 |     0.0.0.0     |   enp0s3  |   UG  |
[   16.868574] cloud-init[673]: ci-info: |   1   |   10.0.2.0  | 0.0.0.0  |  255.255.255.0  |   enp0s3  |   U   |
[   16.869858] cloud-init[673]: ci-info: |   2   |   10.0.2.2  | 0.0.0.0  | 255.255.255.255 |   enp0s3  |   UH  |
[   16.872723] cloud-init[673]: ci-info: +-------+-------------+----------+-----------------+-----------+-------+
[   16.874441] cloud-init[673]: ci-info: +++++++++++++++++++Route IPv6 info+++++++++++++++++++
[   16.875293] cloud-init[673]: ci-info: +-------+-------------+---------+-----------+-------+
[   16.876347] cloud-init[673]: ci-info: | Route | Destination | Gateway | Interface | Flags |
[   16.877274] cloud-init[673]: ci-info: +-------+-------------+---------+-----------+-------+
[   16.878273] cloud-init[673]: ci-info: |   1   |  fe80::/64  |    ::   |   enp0s3  |   U   |
[   16.879305] cloud-init[673]: ci-info: |   3   |    local    |    ::   |   enp0s3  |   U   |
[   16.880466] cloud-init[673]: ci-info: |   4   |   ff00::/8  |    ::   |   enp0s3  |   U   |
[   16.881619] cloud-init[673]: ci-info: +-------+-------------+---------+-----------+-------+
[   18.056856] cloud-init[673]: Generating public/private rsa key pair.
[   18.057952] cloud-init[673]: Your identification has been saved in /etc/ssh/ssh_host_rsa_key.
[   18.068211] cloud-init[673]: Your public key has been saved in /etc/ssh/ssh_host_rsa_key.pub.
[   18.069460] cloud-init[673]: The key fingerprint is:
[   18.081001] cloud-init[673]: SHA256:mr5AzWdEbjTijbxJEyChsuWHkbddvmiVgTFuvZrQjZs root@ubuntu-bionic
[   18.082282] cloud-init[673]: The key's randomart image is:
[   18.083009] cloud-init[673]: +---[RSA 2048]----+
[   18.083593] cloud-init[673]: |  o...= +        |
[   18.084227] cloud-init[673]: | . o + & .       |
[   18.084800] cloud-init[673]: |o + . X O        |
[   18.085372] cloud-init[673]: |.+ + O @ +       |
[   18.096207] cloud-init[673]: |. o = O S        |
[   18.097029] cloud-init[673]: |   o . % .       |
[   18.097648] cloud-init[673]: |    . E .        |
[   18.098229] cloud-init[673]: |     +           |
[   18.098871] cloud-init[673]: |      o.         |
[   18.099563] cloud-init[673]: +----[SHA256]-----+
[   18.100145] cloud-init[673]: Generating public/private dsa key pair.
[   18.101007] cloud-init[673]: Your identification has been saved in /etc/ssh/ssh_host_dsa_key.
[   18.104811] cloud-init[673]: Your public key has been saved in /etc/ssh/ssh_host_dsa_key.pub.
[   18.107383] cloud-init[673]: The key fingerprint is:
[   18.108325] cloud-init[673]: SHA256:+blt4I2PL3LIiqrHjS1HOmNAuAj/gMouRlK8YRMijUA root@ubuntu-bionic
[   18.112190] cloud-init[673]: The key's randomart image is:
[   18.112933] cloud-init[673]: +---[DSA 1024]----+
[   18.113488] cloud-init[673]: |+E               |
[   18.114053] cloud-init[673]: |+ o              |
[   18.114601] cloud-init[673]: |oo .             |
[   18.124627] cloud-init[673]: |o.*      .       |
[   18.136200] cloud-init[673]: |+* +    S        |
[   18.136929] cloud-init[673]: |*.+ .    ...     |
[   18.140583] cloud-init[673]: |=o O   . oo+     |
[   18.144416] cloud-init[673]: |ooX =.  + =+o    |
[   18.145055] cloud-init[673]: |==.*. .. oo=+    |
[   18.145679] cloud-init[673]: +----[SHA256]-----+
[   18.146219] cloud-init[673]: Generating public/private ecdsa key pair.
[   18.148187] cloud-init[673]: Your identification has been saved in /etc/ssh/ssh_host_ecdsa_key.
[   18.152202] cloud-init[673]: Your public key has been saved in /etc/ssh/ssh_host_ecdsa_key.pub.
[   18.153382] cloud-init[673]: The key fingerprint is:
[   18.153907] cloud-init[673]: SHA256:oLEfVi5w8f6b2ojuGVIpdE0QiJ58DPZc/xGAsxp24H8 root@ubuntu-bionic
[   18.160859] cloud-init[673]: The key's randomart image is:
[   18.164495] cloud-init[673]: +---[ECDSA 256]---+
[   18.168343] cloud-init[673]: |   . .++o.       |
[   18.168961] cloud-init[673]: |  + o +=  .      |
[   18.172678] cloud-init[673]: | + B+o+++  .     |
[   18.173324] cloud-init[673]: |  +.OBo*. .      |
[   18.173813] cloud-init[673]: |   o+=* S. .     |
[   18.174287] cloud-init[673]: |    .=.oE..      |
[   18.174768] cloud-init[673]: |    . o.  .      |
[   18.175343] cloud-init[673]: |     . + o o     |
[   18.176211] cloud-init[673]: |     o= o.+      |
[[0;32m  OK  [0m] Started Initial cloud-init job (metadata service crawler).
[[0;32m  OK  [0m] Reached target Network is Online.
[   18.193199] cloud-init[673]: +----[SHA256]-----+
[   18.194093] cloud-init[673]: Generating public/private ed25519 key pair.
[   18.195014] cloud-init[673]: Your identification has been saved in /etc/ssh/ssh_host_ed25519_key.
[[0;32m  OK  [0m] Reached target Remote File Systems (Pre).
[[0;32m  OK  [0m] Reached target Remote File Systems.
         Starting Availability of block devices...
[[0;32m  OK  [0m] Reached target Cloud-config availability.
[[0;32m  OK  [0m] Reached target System Initialization.
[   18.216870] cloud-init[[0;32m  OK  [0m] Started ACPI Events Check.
[[0;32m  OK  [0m] Started Message of the Day.
[[0;32m  OK  [0m] Started Daily apt download activities.
[[0;32m  OK  [0m] Reached target Paths.
[673]: Your public key has been saved in /etc/ssh/ssh_host_ed25519_key.pub.
         Starting LXD - unix socket.
[[0;32m  OK  [0m] Started Daily Cleanup of Temporary Directories.
[   18.228334] cloud-init[673]: The key fingerprint is:
[[0;32m  OK  [0m] Started Discard unused blocks once a week.
[[0;32m  OK  [0m] Listening on Open-iSCSI iscsid Socket.
[[0;32m  OK  [0m] Listening on D-Bus System Message Bus Socket.
[[0;32m  OK  [0m] Listening on ACPID Listen Socket.
[[0;32m  OK  [0m] Started Daily apt upgrade and clean activities.
[[0;32m  OK  [0m] Reached target Timers.
[[0;32m  OK  [0m] Listening on UUID daemon activation socket.
         Starting Socket activation for snappy daemon.
[   18.245765] cloud-init[673]: SHA256:oMPxPlpLhgieMCd3/njUjfC0AWLcT4YAegE00A3oySE root@ubuntu-bionic
[[0;32m  OK  [0m] Started Availability of block devices.
[[0;32m  OK  [0m] Listening on LXD - unix socket.
[   18.256820] cloud-init[673]: The key's randomart image is:
[   18.257543] cloud-init[673]: +--[ED25519 256]--+
[   18.258514] cloud-init[673]: |=*+=.o .         |
[   18.271627] cloud-init[[0;32m  OK  [0m] Listening on Socket activation for snappy daemon.
[[0;32m  OK  [0m] Reached target Sockets.
[[0;32m  OK  [0m] Reached target Basic System.
[673]: |Eoo.= + o        |
[   18.277256] cloud-init[673]: |= +....=         |
[   18.277777] cloud-init[673]: | = . +..+        |
[[0;32m  OK  [0m] Started FUSE filesystem for LXC.
[   18.293592] cloud-init[673]: |= o = .=S=       |
         Starting Virtualbox guest utils...
         Starting LXD - container startup/shutdown...[   18.295880] cloud-init[673]: |o*.+ +. = .      |

[[0;32m  OK  [0m] Started Deferred execution scheduler.
[   18.312723] cloud-init[673]: | o. o.*          |
[   18.324679] cloud-init[673]: |     B.o         |
[   18.326280] cloud-init[673]: |    o.o          |
[   18.327067] cloud-init[673]: +----[SHA256]-----+
[[0;32m  OK  [0m] Started irqbalance daemon.
         Starting Pollinate to seed the pseudo random number generator...
         Starting Login Service...
[[0;32m  OK  [0m] Started D-Bus System Message Bus.
         Starting Accounts Service...
         Starting Dispatcher daemon for systemd-networkd...
[[0;32m  OK  [0m] Started Regular background program processing daemon.
         Starting Permit User Sessions...
         Starting Snap Daemon...
         Starting System Logging Service...
         Starting LSB: Record successful boot for GRUB...
         Starting LSB: automatic crash report generation...
[[0;32m  OK  [0m] Started LXD - container startup/shutdown.
[[0;32m  OK  [0m] Started Permit User Sessions.
[[0;32m  OK  [0m] Started Login Service.
[[0;32m  OK  [0m] Started Unattended Upgrades Shutdown.
         Starting Terminate Plymouth Boot Screen...
         Starting Hold until boot process finishes up...
[[0;32m  OK  [0m] Started Hold until boot process finishes up.
         Starting Set console scheme...
[[0;32m  OK  [0m] Started Serial Getty on ttyS0.
[[0;32m  OK  [0m] Started Terminate Plymouth Boot Screen.
[[0;32m  OK  [0m] Started Set console scheme.
[[0;32m  OK  [0m] Started System Logging Service.
[[0;32m  OK  [0m] Created slice system-getty.slice.
[[0;32m  OK  [0m] Started Getty on tty1.
[[0;32m  OK  [0m] Reached target Login Prompts.
         Starting Authorization Manager...
[[0;32m  OK  [0m] Started LSB: automatic crash report generation.
[[0;32m  OK  [0m] Started LSB: Record successful boot for GRUB.
[[0;32m  OK  [0m] Started Authorization Manager.
[[0;32m  OK  [0m] Started Accounts Service.
[[0;32m  OK  [0m] Started Virtualbox guest utils.
[[0;32m  OK  [0m] Started Dispatcher daemon for systemd-networkd.
[[0;32m  OK  [0m] Started Snap Daemon.
         Starting Wait until snapd is fully seeded...
[[0;32m  OK  [0m] Started Pollinate to seed the pseudo random number generator.
         Starting OpenBSD Secure Shell server...
[[0;32m  OK  [0m] Started OpenBSD Secure Shell server.
[[0;32m  OK  [0m] Created slice User Slice of vagrant.
[[0;32m  OK  [0m] Started Session 1 of user vagrant.
         Starting User Manager for UID 1000...
[[0;32m  OK  [0m] Started User Manager for UID 1000.
[[0;32m  OK  [0m] Started Wait until snapd is fully seeded.
[[0;32m  OK  [0m] Reached target Multi-User System.
[[0;32m  OK  [0m] Reached target Graphical Interface.
         Starting Update UTMP about System Runlevel Changes...
         Starting Apply the settings specified in cloud-config...
[[0;32m  OK  [0m] Started Update UTMP about System Runlevel Changes.

Ubuntu 18.04.5 LTS ubuntu-bionic ttyS0

ubuntu-bionic login: [   27.039468] cloud-init[1131]: Cloud-init v. 20.4.1-0ubuntu1~18.04.1 running 'modules:config' at Fri, 19 Mar 2021 16:06:01 +0000. Up 25.07 seconds.
ci-info: no authorized SSH keys fingerprints found for user ubuntu.
<14>Mar 19 16:06:04 ec2: 
<14>Mar 19 16:06:04 ec2: #############################################################
<14>Mar 19 16:06:04 ec2: -----BEGIN SSH HOST KEY FINGERPRINTS-----
<14>Mar 19 16:06:04 ec2: 1024 SHA256:+blt4I2PL3LIiqrHjS1HOmNAuAj/gMouRlK8YRMijUA root@ubuntu-bionic (DSA)
<14>Mar 19 16:06:04 ec2: 256 SHA256:oLEfVi5w8f6b2ojuGVIpdE0QiJ58DPZc/xGAsxp24H8 root@ubuntu-bionic (ECDSA)
<14>Mar 19 16:06:04 ec2: 256 SHA256:oMPxPlpLhgieMCd3/njUjfC0AWLcT4YAegE00A3oySE root@ubuntu-bionic (ED25519)
<14>Mar 19 16:06:04 ec2: 2048 SHA256:mr5AzWdEbjTijbxJEyChsuWHkbddvmiVgTFuvZrQjZs root@ubuntu-bionic (RSA)
<14>Mar 19 16:06:04 ec2: -----END SSH HOST KEY FINGERPRINTS-----
<14>Mar 19 16:06:04 ec2: #############################################################
-----BEGIN SSH HOST KEY KEYS-----
ecdsa-sha2-nistp256 AAAAE2VjZHNhLXNoYTItbmlzdHAyNTYAAAAIbmlzdHAyNTYAAABBBKCaRC9OuNmAIvbi5hoqEQXmjiU8M3/k5VxmFDto+odBQodToo+XE/5rkl1XXjDUheItgHnFl/BYgk3D5EN2BZE= root@ubuntu-bionic
ssh-ed25519 AAAAC3NzaC1lZDI1NTE5AAAAIIlrUI16CTK2K8SiTE4rsjw39AQFDHoXUUQY9XSuhYDM root@ubuntu-bionic
ssh-rsa AAAAB3NzaC1yc2EAAAADAQABAAABAQDdbOx2TmD5nLEx82b0D6AdSsEn/VjxKSDdACfuysPUSun+d0OLYBGE8jqJHwRLLfXzaAckjhCnd6ap/OEMSYky4HYZLZO0JiaxGaWs3Gt805x1xcEXXGIGc2qaM1wF9x7dda14KChDcPZraFxu2fADjDapZLNCzzDZedH9RKMaiWa5jgzlggHbjFJtio42LzAiuH195Zbf7f8mfEXW42JDHzJQfFkQ1oPVQQsQPwCrm28o2OE4It76gRYXDpkgHv2etsZOo6OuvdkXy9iwWc/TWSx6aMaS41k20uoxN5qIIkaBwU3SFHLhF1PHrKwp4fHfOAjIjlA4rzXCWHZ3EvI1 root@ubuntu-bionic
-----END SSH HOST KEY KEYS-----
[   28.811623] cloud-init[1264]: Cloud-init v. 20.4.1-0ubuntu1~18.04.1 running 'modules:final' at Fri, 19 Mar 2021 16:06:04 +0000. Up 28.47 seconds.
[   28.818696] cloud-init[1264]: ci-info: no authorized SSH keys fingerprints found for user ubuntu.
[   28.827225] cloud-init[1264]: Cloud-init v. 20.4.1-0ubuntu1~18.04.1 finished at Fri, 19 Mar 2021 16:06:04 +0000. Datasource DataSourceNoCloud [seed=/dev/sdb][dsmode=net].  Up 28.79 seconds
